<?xml version="1.0" encoding="UTF-8"?>
<!-- Generated by org.testng.reporters.JUnitXMLReporter -->
<testsuite hostname="DESKTOP-ODJGIG9" name="Test" tests="2" failures="2" timestamp="25 May 2021 07:55:52 GMT" time="0.406" errors="0">
  <testcase name="Test1" time="0.281" classname="com.Test.TestHomePage">
    <failure type="java.lang.NullPointerException">
      <![CDATA[java.lang.NullPointerException
	at org.openqa.selenium.support.pagefactory.DefaultElementLocator.findElement(DefaultElementLocator.java:69)
	at org.openqa.selenium.support.pagefactory.internal.LocatingElementHandler.invoke(LocatingElementHandler.java:38)
	at com.sun.proxy.$Proxy11.click(Unknown Source)
	at objectReopUtlity.HomePage.clickOnRadioButton1(HomePage.java:23)
	at com.Test.TestHomePage.Test1(TestHomePage.java:23)
... Removed 25 stack frames]]>
    </failure>
  </testcase> <!-- Test1 -->
  <testcase name="MouseHover" time="0.047" classname="com.Test.Scroll">
    <failure type="java.lang.NullPointerException">
      <![CDATA[java.lang.NullPointerException
	at org.openqa.selenium.support.pagefactory.DefaultElementLocator.findElement(DefaultElementLocator.java:69)
	at org.openqa.selenium.support.pagefactory.internal.LocatingElementHandler.invoke(LocatingElementHandler.java:38)
	at com.sun.proxy.$Proxy11.getLocation(Unknown Source)
	at com.Test.Scroll.MouseHover(Scroll.java:22)
... Removed 25 stack frames]]>
    </failure>
  </testcase> <!-- MouseHover -->
</testsuite> <!-- Test -->
